Build started 4/29/2016 6:45:35 PM.
     1>Project "C:\Users\JohnAngelo\Documents\Visual Studio 2010\Projects\ThresholdingProgram\ThresholdingProgram\ThresholdingProgram.vcxproj" on node 2 (build target(s)).
     1>InitializeBuildStatus:
         Creating "Debug\ThresholdingProgram.unsuccessfulbuild" because "AlwaysCreate" was specified.
       ClCompile:
         C:\Program Files (x86)\Microsoft Visual Studio 10.0\VC\bin\CL.exe /c /I"C:\Program Files (x86)\PrimeSense\NiTE2\Include\\" /I"C:\Program Files (x86)\OpenNI2\Include\\" /I"C:\Program Files\Microsoft SDKs\Kinect\v1.8\\inc" /ZI /nologo /W3 /WX- /Od /Oy- /D WIN32 /D _DEBUG /D _CONSOLE /D _UNICODE /D UNICODE /Gm /EHsc /RTC1 /MDd /GS /fp:precise /Zc:wchar_t /Zc:forScope /Fo"Debug\\" /Fd"Debug\vc100.pdb" /Gd /TP /analyze- /errorReport:prompt main.cpp
         main.cpp
       ManifestResourceCompile:
         All outputs are up-to-date.
       Link:
         C:\Program Files (x86)\Microsoft Visual Studio 10.0\VC\bin\link.exe /ERRORREPORT:PROMPT /OUT:"C:\Users\JohnAngelo\Documents\Visual Studio 2010\Projects\ThresholdingProgram\Debug\ThresholdingProgram.exe" /INCREMENTAL /NOLOGO /LIBPATH:"C:\Program Files (x86)\OpenNI2\Lib\\" /LIBPATH:"C:\Program Files (x86)\PrimeSense\NiTE2\Lib\\" /LIBPATH:"C:\Program Files\Microsoft SDKs\Kinect\v1.8\\lib\x86" opencv_calib3d2411d.lib opencv_contrib2411d.lib opencv_core2411d.lib opencv_features2d2411d.lib opencv_flann2411d.lib opencv_gpu2411d.lib opencv_highgui2411d.lib opencv_imgproc2411d.lib opencv_legacy2411d.lib opencv_ml2411d.lib opencv_nonfree2411d.lib opencv_objdetect2411d.lib opencv_photo2411d.lib opencv_stitching2411d.lib opencv_ts2411d.lib opencv_video2411d.lib opencv_videostab2411d.lib Kinect10.lib NiTE2.lib OpenNI2.lib kernel32.lib user32.lib gdi32.lib winspool.lib comdlg32.lib advapi32.lib shell32.lib ole32.lib oleaut32.lib uuid.lib odbc32.lib odbccp32.lib /MANIFEST /ManifestFile:"Debug\ThresholdingProgram.exe.intermediate.manifest" /MANIFESTUAC:"level='asInvoker' uiAccess='false'" /DEBUG /PDB:"C:\Users\JohnAngelo\Documents\Visual Studio 2010\Projects\ThresholdingProgram\Debug\ThresholdingProgram.pdb" /SUBSYSTEM:CONSOLE /TLBID:1 /DYNAMICBASE /NXCOMPAT /IMPLIB:"C:\Users\JohnAngelo\Documents\Visual Studio 2010\Projects\ThresholdingProgram\Debug\ThresholdingProgram.lib" /MACHINE:X86 Debug\ThresholdingProgram.exe.embed.manifest.res
         Debug\main.obj
       Manifest:
         C:\Program Files (x86)\Microsoft SDKs\Windows\v7.0A\bin\mt.exe /nologo /verbose /out:"Debug\ThresholdingProgram.exe.embed.manifest" /manifest Debug\ThresholdingProgram.exe.intermediate.manifest
         All outputs are up-to-date.
       LinkEmbedManifest:
         All outputs are up-to-date.
         ThresholdingProgram.vcxproj -> C:\Users\JohnAngelo\Documents\Visual Studio 2010\Projects\ThresholdingProgram\Debug\ThresholdingProgram.exe
       FinalizeBuildStatus:
         Deleting file "Debug\ThresholdingProgram.unsuccessfulbuild".
         Touching "Debug\ThresholdingProgram.lastbuildstate".
     1>Done Building Project "C:\Users\JohnAngelo\Documents\Visual Studio 2010\Projects\ThresholdingProgram\ThresholdingProgram\ThresholdingProgram.vcxproj" (build target(s)).

Build succeeded.

Time Elapsed 00:00:05.31
